<?xml version="1.0" encoding="UTF-8"?>
<!-- Generated by org.testng.reporters.JUnitXMLReporter -->
<testsuite hostname="abdis-MacBook-Air.local" ignored="0" name="Command line test" tests="1" failures="1" timestamp="2019-09-18T21:58:13 CDT" time="12.049" errors="0">
  <testcase name="@AfterMethod cleanup" time="0.001" classname="common.CommonAPI">
    <failure type="java.lang.NullPointerException">
      <![CDATA[java.lang.NullPointerException
at common.CommonAPI.cleanup(CommonAPI.java:27)
at java.util.ArrayList.forEach(ArrayList.java:1257)
... Removed 41 stack frames]]>
    </failure>
  </testcase> <!-- @AfterMethod cleanup -->
  <testcase name="test1" time="0.006" classname="home.TestHome">
    <failure type="java.lang.NullPointerException">
      <![CDATA[java.lang.NullPointerException
at home.TestHome.test1(TestHome.java:11)
at java.util.ArrayList.forEach(ArrayList.java:1257)
... Removed 36 stack frames]]>
    </failure>
  </testcase> <!-- test1 -->
</testsuite> <!-- Command line test -->
